2025-10-27 18:21:55, MOVE, v:1, k:poo@grafite, mode:PICK
2025-10-27 18:21:57, EXEC, v:1, k:poo@grafite, mode:FULL, rate:0
2025-10-27 18:21:58, MOVE, v:1, k:poo@grafite, mode:BACK
2025-10-27 18:22:03, MOVE, v:1, k:poo@motoca, mode:PICK
2025-10-27 18:22:04, EXEC, v:1, k:poo@motoca, mode:FULL, rate:100
2025-10-27 18:22:05, MOVE, v:1, k:poo@motoca, mode:BACK
2025-10-27 18:22:11, MOVE, v:1, k:poo@grafite, mode:PICK
2025-10-27 18:22:14, EXEC, v:1, k:poo@grafite, mode:FULL, rate:0
2025-10-27 18:22:26, EXEC, v:1, k:poo@grafite, mode:FULL, rate:0
2025-10-27 18:35:17, EXEC, v:1, k:poo@grafite, mode:FULL, rate:0, size:65
2025-10-27 18:36:30, EXEC, v:1, k:poo@grafite, mode:FULL, rate:0, size:101
2025-10-27 18:37:28, EXEC, v:1, k:poo@grafite, mode:FULL, rate:0, size:105
2025-10-27 18:38:58, EXEC, v:1, k:poo@grafite, mode:FULL, rate:0, size:105
2025-10-27 18:39:37, EXEC, v:1, k:poo@grafite, mode:FULL, rate:10, size:107
2025-10-27 18:40:59, EXEC, v:1, k:poo@grafite, mode:FULL, rate:10, size:107
2025-10-27 18:41:08, MOVE, v:1, k:poo@grafite, mode:BACK
2025-10-27 18:43:12, MOVE, v:1, k:poo@grafite, mode:PICK
2025-10-27 18:43:14, EXEC, v:1, k:poo@grafite, mode:FULL, rate:10, size:108
2025-10-27 18:43:55, EXEC, v:1, k:poo@grafite, mode:FULL, rate:10, size:116
2025-10-27 18:47:28, EXEC, v:1, k:poo@grafite, mode:FULL, rate:10, size:117
2025-10-27 18:50:02, EXEC, v:1, k:poo@grafite, mode:FULL, rate:10, size:118
2025-10-27 18:57:32, MOVE, v:1, k:poo@grafite, mode:BACK
2025-10-27 19:28:54, MOVE, v:1, k:poo@grafite, mode:PICK
2025-10-27 19:28:55, EXEC, v:1, k:poo@grafite, mode:FULL, rate:100, size:138
2025-10-27 19:30:09, MOVE, v:1, k:poo@motoca, mode:PICK
2025-10-27 19:30:11, EXEC, v:1, k:poo@motoca, mode:FULL, rate:100
2025-10-27 19:30:13, EXEC, v:1, k:poo@motoca, mode:FULL, rate:100
2025-10-27 19:30:13, MOVE, v:1, k:poo@motoca, mode:BACK
2025-10-27 19:43:16, MOVE, v:1, k:poo@chinela, mode:PICK
2025-10-27 19:43:17, MOVE, v:1, k:poo@chinela, mode:BACK
2025-10-27 19:45:26, SELF, v:1, k:poo@chinela, rate:100, human:sim__amigo_, alone:4, study:60
2025-10-27 19:47:05, SELF, v:1, k:poo@camisa, rate:100, human:monito_e_amigo_, iagen:sim_chat, alone:5, study:80
2025-10-27 19:47:08, MOVE, v:1, k:poo@roupa, mode:PICK
2025-10-27 19:47:09, MOVE, v:1, k:poo@roupa, mode:BACK
2025-10-27 19:47:33, SELF, v:1, k:poo@roupa, rate:100, human:amigo_, iagen:chat, alone:7, study:80
2025-10-27 19:48:29, SELF, v:1, k:poo@relogio, iagen:chat_, study:30
2025-10-27 19:49:09, SELF, v:1, k:poo@relogio, iagen:chat_, study:30
2025-10-27 19:49:14, MOVE, v:1, k:poo@motoca, mode:PICK
2025-10-27 19:49:15, MOVE, v:1, k:poo@motoca, mode:BACK
2025-10-27 19:49:42, SELF, v:1, k:poo@motoca, rate:100, human:amigo_monitor, iagen:chat, alone:4, study:90
2025-10-27 19:49:44, MOVE, v:1, k:poo@grafite, mode:PICK
2025-10-27 19:49:45, MOVE, v:1, k:poo@grafite, mode:BACK
2025-10-27 19:50:29, SELF, v:1, k:poo@grafite, rate:10, human:amigo, iagen:chat, alone:7, study:120
2025-10-27 19:50:29, MOVE, v:1, k:poo@grafite, mode:PICK
2025-10-27 19:50:30, MOVE, v:1, k:poo@grafite, mode:BACK
2025-10-27 19:50:40, SELF, v:1, k:poo@grafite, rate:10, human:amigo, iagen:chat, alone:7, study:120
2025-10-27 19:50:55, MOVE, v:1, k:poo@motouber, mode:DOWN
2025-10-27 19:50:55, MOVE, v:1, k:poo@motouber, mode:PICK
2025-10-27 19:50:56, EXEC, v:1, k:poo@motouber, mode:FULL, rate:0, size:0
2025-10-27 19:50:56, EXEC, v:1, k:poo@motouber, mode:FULL, rate:0, size:0
2025-10-27 19:50:57, EXEC, v:1, k:poo@motouber, mode:FULL, rate:0, size:0
2025-10-27 19:50:58, EXEC, v:1, k:poo@motouber, mode:FULL, rate:0
2025-10-27 19:50:58, EXEC, v:1, k:poo@motouber, mode:FULL, rate:0
2025-10-27 19:50:59, EXEC, v:1, k:poo@motouber, mode:FULL, rate:0
2025-10-27 19:51:00, EXEC, v:1, k:poo@motouber, mode:FULL, rate:0
2025-10-27 19:51:00, EXEC, v:1, k:poo@motouber, mode:FULL, rate:0
2025-10-27 19:51:01, EXEC, v:1, k:poo@motouber, mode:FULL, rate:0
2025-10-27 19:51:02, EXEC, v:1, k:poo@motouber, mode:FULL, rate:0
2025-10-27 19:51:02, EXEC, v:1, k:poo@motouber, mode:FULL, rate:0
2025-10-27 19:51:03, EXEC, v:1, k:poo@motouber, mode:FULL, rate:0
2025-10-27 19:51:03, EXEC, v:1, k:poo@motouber, mode:FULL, rate:0
2025-10-27 19:51:04, EXEC, v:1, k:poo@motouber, mode:FULL, rate:0
2025-10-27 19:51:05, EXEC, v:1, k:poo@motouber, mode:FULL, rate:0
2025-10-27 19:51:05, EXEC, v:1, k:poo@motouber, mode:FULL, rate:0
2025-10-27 19:51:06, EXEC, v:1, k:poo@motouber, mode:FULL, rate:0
2025-10-27 19:51:06, EXEC, v:1, k:poo@motouber, mode:FULL, rate:0
2025-10-27 19:51:07, EXEC, v:1, k:poo@motouber, mode:FULL, rate:0
2025-10-27 19:51:08, EXEC, v:1, k:poo@motouber, mode:FULL, rate:0
2025-10-27 19:51:08, EXEC, v:1, k:poo@motouber, mode:FULL, rate:0
2025-10-27 19:51:09, EXEC, v:1, k:poo@motouber, mode:FULL, rate:0
2025-10-27 19:51:09, EXEC, v:1, k:poo@motouber, mode:FULL, rate:0
2025-10-27 19:51:10, EXEC, v:1, k:poo@motouber, mode:FULL, rate:0
2025-10-27 19:51:11, EXEC, v:1, k:poo@motouber, mode:FULL, rate:0
2025-10-27 19:51:11, EXEC, v:1, k:poo@motouber, mode:FULL, rate:0
2025-10-27 19:51:12, EXEC, v:1, k:poo@motouber, mode:FULL, rate:0
2025-10-27 19:51:12, EXEC, v:1, k:poo@motouber, mode:FULL, rate:0
2025-10-27 19:51:13, EXEC, v:1, k:poo@motouber, mode:FULL, rate:0
2025-10-27 19:51:14, EXEC, v:1, k:poo@motouber, mode:FULL, rate:0
2025-10-27 19:51:14, EXEC, v:1, k:poo@motouber, mode:FULL, rate:0
2025-10-27 19:51:15, EXEC, v:1, k:poo@motouber, mode:FULL, rate:0
2025-10-27 19:51:16, EXEC, v:1, k:poo@motouber, mode:FULL, rate:0
2025-10-27 19:51:16, EXEC, v:1, k:poo@motouber, mode:FULL, rate:0
2025-10-27 19:51:17, EXEC, v:1, k:poo@motouber, mode:FULL, rate:0
2025-10-27 19:51:39, MOVE, v:1, k:poo@motouber, mode:BACK
2025-10-27 19:52:46, MOVE, v:1, k:poo@motouber, mode:PICK
2025-10-27 19:56:03, MOVE, v:1, k:poo@motouber, mode:BACK
2025-10-27 19:56:05, MOVE, v:1, k:poo@motouber, mode:PICK
2025-10-27 19:56:07, MOVE, v:1, k:poo@motouber, mode:BACK
2025-10-27 20:31:42, MOVE, v:1, k:poo@motouber, mode:PICK
2025-10-27 20:31:42, EXEC, v:1, k:poo@motouber, mode:FULL, rate:0, size:2
2025-10-27 20:31:42, EXEC, v:1, k:poo@motouber, mode:FULL, rate:0, size:2
2025-10-27 20:31:44, MOVE, v:1, k:poo@motouber, mode:BACK
2025-10-27 20:33:33, MOVE, v:1, k:poo@motouber, mode:PICK
2025-10-27 20:33:34, EXEC, v:1, k:poo@motouber, mode:FULL, rate:0, size:248
2025-10-27 20:33:42, EXEC, v:1, k:poo@motouber, mode:FULL, rate:0, size:247
2025-10-27 21:14:40, EXEC, v:1, k:poo@motouber, mode:FULL, rate:0, size:268
2025-10-27 21:14:40, EXEC, v:1, k:poo@motouber, mode:FULL, rate:0, size:268
2025-10-27 21:14:42, EXEC, v:1, k:poo@motouber, mode:FULL, rate:0, size:268
2025-10-27 21:14:42, EXEC, v:1, k:poo@motouber, mode:FULL, rate:0
2025-10-27 21:14:42, EXEC, v:1, k:poo@motouber, mode:FULL, rate:0
2025-10-27 21:14:45, EXEC, v:1, k:poo@motouber, mode:FULL, rate:0
2025-10-27 21:14:46, EXEC, v:1, k:poo@motouber, mode:FULL, rate:0
2025-10-27 21:14:46, EXEC, v:1, k:poo@motouber, mode:FULL, rate:0
2025-10-27 21:14:47, EXEC, v:1, k:poo@motouber, mode:FULL, rate:0
2025-10-27 21:14:52, EXEC, v:1, k:poo@motouber, mode:FULL, rate:0
2025-10-27 21:15:08, EXEC, v:1, k:poo@motouber, mode:FULL, rate:0, size:265
2025-10-27 21:16:07, EXEC, v:1, k:poo@motouber, mode:FULL, rate:0
2025-10-27 21:18:14, EXEC, v:1, k:poo@motouber, mode:FULL, rate:0, size:268
2025-10-27 21:20:13, MOVE, v:1, k:poo@motouber, mode:PICK
2025-10-27 21:20:14, EXEC, v:1, k:poo@motouber, mode:FULL, rate:0
2025-10-27 21:23:50, EXEC, v:1, k:poo@motouber, mode:FULL, rate:0, size:291
2025-10-27 21:24:43, MOVE, v:1, k:poo@motouber, mode:BACK
2025-10-27 21:27:57, MOVE, v:1, k:poo@motouber, mode:PICK
2025-10-27 21:28:00, EXEC, v:1, k:poo@motouber, mode:FULL, rate:100, size:116
2025-10-27 21:28:00, EXEC, v:1, k:poo@motouber, mode:FULL, rate:100
2025-10-27 21:28:03, MOVE, v:1, k:poo@motouber, mode:BACK
2025-10-27 21:29:37, MOVE, v:1, k:poo@notebook, mode:DOWN
2025-10-27 21:29:38, MOVE, v:1, k:poo@notebook, mode:PICK
2025-10-27 21:29:38, EXEC, v:1, k:poo@notebook, mode:LOCK, rate:100, size:0
2025-10-27 21:29:38, EXEC, v:1, k:poo@notebook, mode:LOCK, rate:100, size:0
2025-10-27 21:29:38, EXEC, v:1, k:poo@notebook, mode:LOCK, rate:100, size:0
2025-10-27 21:29:38, EXEC, v:1, k:poo@notebook, mode:LOCK, rate:100, size:0
2025-10-27 21:29:38, EXEC, v:1, k:poo@notebook, mode:LOCK, rate:100, size:0
2025-10-27 21:29:38, EXEC, v:1, k:poo@notebook, mode:LOCK, rate:100, size:0
2025-10-27 21:29:38, EXEC, v:1, k:poo@notebook, mode:LOCK, rate:100, size:0
2025-10-27 21:29:38, EXEC, v:1, k:poo@notebook, mode:LOCK, rate:100, size:0
2025-10-27 21:29:38, EXEC, v:1, k:poo@notebook, mode:LOCK, rate:100, size:0
2025-10-27 21:29:38, EXEC, v:1, k:poo@notebook, mode:LOCK, rate:100, size:0
2025-10-27 21:29:39, EXEC, v:1, k:poo@notebook, mode:LOCK, rate:100, size:0
2025-10-27 21:29:39, EXEC, v:1, k:poo@notebook, mode:LOCK, rate:100, size:0
2025-10-27 21:29:39, EXEC, v:1, k:poo@notebook, mode:LOCK, rate:100, size:0
2025-10-27 21:29:39, EXEC, v:1, k:poo@notebook, mode:LOCK, rate:100, size:0
2025-10-27 21:29:39, EXEC, v:1, k:poo@notebook, mode:LOCK, rate:100, size:0
2025-10-27 21:29:39, EXEC, v:1, k:poo@notebook, mode:LOCK, rate:100, size:0
2025-10-27 21:29:39, EXEC, v:1, k:poo@notebook, mode:LOCK, rate:100, size:0
2025-10-27 21:29:39, EXEC, v:1, k:poo@notebook, mode:LOCK, rate:100, size:0
2025-10-27 21:29:39, EXEC, v:1, k:poo@notebook, mode:LOCK, rate:100, size:0
2025-10-27 21:29:39, EXEC, v:1, k:poo@notebook, mode:LOCK, rate:100, size:0
2025-10-27 21:29:39, EXEC, v:1, k:poo@notebook, mode:LOCK, rate:100, size:0
2025-10-27 21:29:40, EXEC, v:1, k:poo@notebook, mode:LOCK, rate:100
2025-10-27 21:29:40, EXEC, v:1, k:poo@notebook, mode:LOCK, rate:100
2025-10-27 21:29:40, EXEC, v:1, k:poo@notebook, mode:LOCK, rate:100
2025-10-27 21:29:40, EXEC, v:1, k:poo@notebook, mode:LOCK, rate:100
2025-10-27 21:29:40, EXEC, v:1, k:poo@notebook, mode:LOCK, rate:100
2025-10-27 21:29:40, EXEC, v:1, k:poo@notebook, mode:LOCK, rate:100
2025-10-27 21:29:40, EXEC, v:1, k:poo@notebook, mode:LOCK, rate:100
2025-10-27 21:29:40, EXEC, v:1, k:poo@notebook, mode:LOCK, rate:100
2025-10-27 21:29:40, EXEC, v:1, k:poo@notebook, mode:LOCK, rate:100
2025-10-27 21:29:40, EXEC, v:1, k:poo@notebook, mode:LOCK, rate:100
2025-10-27 21:29:40, EXEC, v:1, k:poo@notebook, mode:LOCK, rate:100
2025-10-27 21:29:40, EXEC, v:1, k:poo@notebook, mode:LOCK, rate:100
2025-10-27 21:29:41, EXEC, v:1, k:poo@notebook, mode:LOCK, rate:100
2025-10-27 21:29:41, EXEC, v:1, k:poo@notebook, mode:LOCK, rate:100
2025-10-27 21:29:41, EXEC, v:1, k:poo@notebook, mode:LOCK, rate:100
2025-10-27 21:29:41, EXEC, v:1, k:poo@notebook, mode:LOCK, rate:100
2025-10-27 21:29:41, EXEC, v:1, k:poo@notebook, mode:LOCK, rate:100
2025-10-27 21:29:41, EXEC, v:1, k:poo@notebook, mode:LOCK, rate:100
2025-10-27 21:29:41, EXEC, v:1, k:poo@notebook, mode:LOCK, rate:100
2025-10-27 21:29:41, EXEC, v:1, k:poo@notebook, mode:LOCK, rate:100
2025-10-27 21:29:41, EXEC, v:1, k:poo@notebook, mode:LOCK, rate:100
2025-10-27 21:29:41, EXEC, v:1, k:poo@notebook, mode:LOCK, rate:100
2025-10-27 21:29:41, EXEC, v:1, k:poo@notebook, mode:LOCK, rate:100
2025-10-27 21:29:42, EXEC, v:1, k:poo@notebook, mode:LOCK, rate:100
2025-10-27 21:29:42, EXEC, v:1, k:poo@notebook, mode:LOCK, rate:100
2025-10-27 21:29:42, EXEC, v:1, k:poo@notebook, mode:LOCK, rate:100
2025-10-27 21:29:42, EXEC, v:1, k:poo@notebook, mode:LOCK, rate:100
2025-10-27 21:29:42, EXEC, v:1, k:poo@notebook, mode:LOCK, rate:100
2025-10-27 21:29:42, EXEC, v:1, k:poo@notebook, mode:LOCK, rate:100
2025-10-27 21:29:42, EXEC, v:1, k:poo@notebook, mode:LOCK, rate:100
2025-10-27 21:29:42, EXEC, v:1, k:poo@notebook, mode:LOCK, rate:100
2025-10-27 21:29:42, EXEC, v:1, k:poo@notebook, mode:LOCK, rate:100
2025-10-27 21:29:42, EXEC, v:1, k:poo@notebook, mode:LOCK, rate:100
2025-10-27 21:29:42, EXEC, v:1, k:poo@notebook, mode:LOCK, rate:100
2025-10-27 21:29:42, EXEC, v:1, k:poo@notebook, mode:LOCK, rate:100
2025-10-27 21:29:43, EXEC, v:1, k:poo@notebook, mode:LOCK, rate:100
2025-10-27 21:29:43, EXEC, v:1, k:poo@notebook, mode:LOCK, rate:100
2025-10-27 21:29:43, EXEC, v:1, k:poo@notebook, mode:LOCK, rate:100
2025-10-27 21:29:43, EXEC, v:1, k:poo@notebook, mode:LOCK, rate:100
2025-10-27 21:29:43, EXEC, v:1, k:poo@notebook, mode:LOCK, rate:100
2025-10-27 21:29:43, EXEC, v:1, k:poo@notebook, mode:LOCK, rate:100
2025-10-27 21:29:43, EXEC, v:1, k:poo@notebook, mode:LOCK, rate:100
2025-10-27 21:29:43, EXEC, v:1, k:poo@notebook, mode:LOCK, rate:100
2025-10-27 21:29:43, EXEC, v:1, k:poo@notebook, mode:LOCK, rate:100
2025-10-27 21:29:43, EXEC, v:1, k:poo@notebook, mode:LOCK, rate:100
2025-10-27 21:29:43, EXEC, v:1, k:poo@notebook, mode:LOCK, rate:100
2025-10-27 21:29:44, EXEC, v:1, k:poo@notebook, mode:LOCK, rate:100
2025-10-27 21:29:44, EXEC, v:1, k:poo@notebook, mode:LOCK, rate:100
2025-10-27 21:29:44, EXEC, v:1, k:poo@notebook, mode:LOCK, rate:100
2025-10-27 21:29:44, EXEC, v:1, k:poo@notebook, mode:LOCK, rate:100
2025-10-27 21:29:44, EXEC, v:1, k:poo@notebook, mode:LOCK, rate:100
2025-10-27 21:29:44, EXEC, v:1, k:poo@notebook, mode:LOCK, rate:100
2025-10-27 21:29:46, MOVE, v:1, k:poo@notebook, mode:BACK
2025-10-27 21:29:51, MOVE, v:1, k:poo@notebook, mode:PICK
2025-10-27 21:30:04, MOVE, v:1, k:poo@notebook, mode:BACK
2025-10-27 21:30:05, MOVE, v:1, k:poo@notebook, mode:PICK
2025-10-27 21:34:12, EXEC, v:1, k:poo@notebook, mode:LOCK, rate:100, size:205
2025-10-27 21:34:17, EXEC, v:1, k:poo@notebook, mode:LOCK, rate:100
2025-10-27 21:34:18, MOVE, v:1, k:poo@notebook, mode:BACK
2025-10-27 21:34:21, MOVE, v:1, k:poo@notebook, mode:PICK
2025-10-27 21:39:49, MOVE, v:1, k:poo@notebook, mode:BACK
2025-10-27 21:39:58, MOVE, v:1, k:poo@tamagotchi, mode:DOWN
2025-10-27 21:39:58, MOVE, v:1, k:poo@tamagotchi, mode:PICK
2025-10-27 21:39:59, EXEC, v:1, k:poo@tamagotchi, mode:FULL, rate:0, size:0
2025-10-27 21:39:59, EXEC, v:1, k:poo@tamagotchi, mode:FULL, rate:0, size:0
2025-10-27 21:40:06, MOVE, v:1, k:poo@tamagotchi, mode:BACK
