2025-10-14 15:55:29, MOVE, v:1, k:poo@roupa, mode:DOWN
2025-10-14 15:57:20, MOVE, v:1, k:poo@roupa, mode:PICK
2025-10-14 15:57:23, MOVE, v:1, k:poo@roupa, mode:BACK
2025-10-14 15:57:25, MOVE, v:1, k:poo@roupa, mode:PICK
2025-10-14 15:58:16, MOVE, v:1, k:poo@roupa, mode:PICK
2025-10-14 15:58:53, MOVE, v:1, k:poo@roupa, mode:PICK
2025-10-14 16:35:09, MOVE, v:1, k:poo@roupa, mode:PICK
2025-10-14 16:36:15, MOVE, v:1, k:poo@roupa, mode:PICK
2025-10-14 16:37:08, MOVE, v:1, k:poo@roupa, mode:PICK
2025-10-14 16:38:17, MOVE, v:1, k:poo@roupa, mode:PICK
2025-10-14 16:38:19, EXEC, v:1, k:poo@roupa, mode:FULL, rate:0, size:38
2025-10-14 16:39:17, EXEC, v:1, k:poo@roupa, mode:FULL, rate:0
2025-10-14 16:39:18, MOVE, v:1, k:poo@roupa, mode:BACK
2025-10-14 16:39:32, MOVE, v:1, k:poo@roupa, mode:PICK
2025-10-14 16:39:41, EXEC, v:1, k:poo@roupa, mode:FULL, rate:0
2025-10-14 16:39:41, EXEC, v:1, k:poo@roupa, mode:FULL, rate:0
2025-10-14 16:39:41, EXEC, v:1, k:poo@roupa, mode:FULL, rate:0
2025-10-14 22:23:24, MOVE, v:1, k:poo@roupa, mode:PICK
2025-10-14 22:23:24, EXEC, v:1, k:poo@roupa, mode:FULL, rate:0
2025-10-14 22:29:49, EXEC, v:1, k:poo@roupa, mode:FULL, rate:100, size:39
2025-10-14 22:33:10, MOVE, v:1, k:poo@roupa, mode:BACK
2025-10-14 22:33:27, MOVE, v:1, k:poo@roupa, mode:PICK
2025-10-14 22:33:28, EXEC, v:1, k:poo@roupa, mode:FULL, rate:100
2025-10-14 22:33:30, MOVE, v:1, k:poo@roupa, mode:BACK
2025-10-14 22:43:48, MOVE, v:1, k:poo@relogio, mode:DOWN
2025-10-14 22:50:16, MOVE, v:1, k:poo@relogio, mode:PICK
2025-10-14 22:50:17, EXEC, v:1, k:poo@relogio, mode:FULL, rate:30, size:84
2025-10-14 22:52:03, EXEC, v:1, k:poo@relogio, mode:FULL, rate:30, size:85
2025-10-14 22:54:40, EXEC, v:1, k:poo@relogio, mode:FULL, rate:30, size:84
2025-10-14 22:56:15, EXEC, v:1, k:poo@relogio, mode:FULL, rate:0, size:48
